  UnitTest5.5.cpp
E:\1 Семестр\Алгоритмізація та програмування\Л.Р.-5.5\PR-5.5\PR-5.5\pr-5.5.cpp(10,9): error C2082: redefinition of formal parameter 'n'
  (compiling source file '/UnitTest5.5.cpp')
  
E:\1 Семестр\Алгоритмізація та програмування\Л.Р.-5.5\PR-5.5\UnitTest5.5\UnitTest5.5.cpp(15,24): error C2660: 'Q': function does not take 2 arguments
  (compiling source file '/UnitTest5.5.cpp')
      E:\1 Семестр\Алгоритмізація та програмування\Л.Р.-5.5\PR-5.5\PR-5.5\pr-5.5.cpp(5,5):
      see declaration of 'Q'
      E:\1 Семестр\Алгоритмізація та програмування\Л.Р.-5.5\PR-5.5\UnitTest5.5\UnitTest5.5.cpp(15,24):
      while trying to match the argument list '(int, int)'
  
E:\1 Семестр\Алгоритмізація та програмування\Л.Р.-5.5\PR-5.5\UnitTest5.5\UnitTest5.5.cpp(16,24): error C2660: 'Q': function does not take 2 arguments
  (compiling source file '/UnitTest5.5.cpp')
      E:\1 Семестр\Алгоритмізація та програмування\Л.Р.-5.5\PR-5.5\PR-5.5\pr-5.5.cpp(5,5):
      see declaration of 'Q'
      E:\1 Семестр\Алгоритмізація та програмування\Л.Р.-5.5\PR-5.5\UnitTest5.5\UnitTest5.5.cpp(16,24):
      while trying to match the argument list '(int, int)'
  
E:\1 Семестр\Алгоритмізація та програмування\Л.Р.-5.5\PR-5.5\UnitTest5.5\UnitTest5.5.cpp(17,24): error C2660: 'Q': function does not take 2 arguments
  (compiling source file '/UnitTest5.5.cpp')
      E:\1 Семестр\Алгоритмізація та програмування\Л.Р.-5.5\PR-5.5\PR-5.5\pr-5.5.cpp(5,5):
      see declaration of 'Q'
      E:\1 Семестр\Алгоритмізація та програмування\Л.Р.-5.5\PR-5.5\UnitTest5.5\UnitTest5.5.cpp(17,24):
      while trying to match the argument list '(int, int)'
  
E:\1 Семестр\Алгоритмізація та програмування\Л.Р.-5.5\PR-5.5\UnitTest5.5\UnitTest5.5.cpp(22,21): error C2660: 'Q': function does not take 2 arguments
  (compiling source file '/UnitTest5.5.cpp')
      E:\1 Семестр\Алгоритмізація та програмування\Л.Р.-5.5\PR-5.5\PR-5.5\pr-5.5.cpp(5,5):
      see declaration of 'Q'
      E:\1 Семестр\Алгоритмізація та програмування\Л.Р.-5.5\PR-5.5\UnitTest5.5\UnitTest5.5.cpp(22,21):
      while trying to match the argument list '(int, int)'
  
E:\1 Семестр\Алгоритмізація та програмування\Л.Р.-5.5\PR-5.5\UnitTest5.5\UnitTest5.5.cpp(22,30): error C2660: 'Q': function does not take 2 arguments
  (compiling source file '/UnitTest5.5.cpp')
      E:\1 Семестр\Алгоритмізація та програмування\Л.Р.-5.5\PR-5.5\PR-5.5\pr-5.5.cpp(5,5):
      see declaration of 'Q'
      E:\1 Семестр\Алгоритмізація та програмування\Л.Р.-5.5\PR-5.5\UnitTest5.5\UnitTest5.5.cpp(22,30):
      while trying to match the argument list '(int, int)'
  
E:\1 Семестр\Алгоритмізація та програмування\Л.Р.-5.5\PR-5.5\UnitTest5.5\UnitTest5.5.cpp(23,21): error C2660: 'Q': function does not take 2 arguments
  (compiling source file '/UnitTest5.5.cpp')
      E:\1 Семестр\Алгоритмізація та програмування\Л.Р.-5.5\PR-5.5\PR-5.5\pr-5.5.cpp(5,5):
      see declaration of 'Q'
      E:\1 Семестр\Алгоритмізація та програмування\Л.Р.-5.5\PR-5.5\UnitTest5.5\UnitTest5.5.cpp(23,21):
      while trying to match the argument list '(int, int)'
  
E:\1 Семестр\Алгоритмізація та програмування\Л.Р.-5.5\PR-5.5\UnitTest5.5\UnitTest5.5.cpp(23,30): error C2660: 'Q': function does not take 2 arguments
  (compiling source file '/UnitTest5.5.cpp')
      E:\1 Семестр\Алгоритмізація та програмування\Л.Р.-5.5\PR-5.5\PR-5.5\pr-5.5.cpp(5,5):
      see declaration of 'Q'
      E:\1 Семестр\Алгоритмізація та програмування\Л.Р.-5.5\PR-5.5\UnitTest5.5\UnitTest5.5.cpp(23,30):
      while trying to match the argument list '(int, int)'
  
E:\1 Семестр\Алгоритмізація та програмування\Л.Р.-5.5\PR-5.5\UnitTest5.5\UnitTest5.5.cpp(28,25): error C2660: 'Q': function does not take 2 arguments
  (compiling source file '/UnitTest5.5.cpp')
      E:\1 Семестр\Алгоритмізація та програмування\Л.Р.-5.5\PR-5.5\PR-5.5\pr-5.5.cpp(5,5):
      see declaration of 'Q'
      E:\1 Семестр\Алгоритмізація та програмування\Л.Р.-5.5\PR-5.5\UnitTest5.5\UnitTest5.5.cpp(28,25):
      while trying to match the argument list '(int, int)'
  
E:\1 Семестр\Алгоритмізація та програмування\Л.Р.-5.5\PR-5.5\UnitTest5.5\UnitTest5.5.cpp(28,34): error C2660: 'Q': function does not take 2 arguments
  (compiling source file '/UnitTest5.5.cpp')
      E:\1 Семестр\Алгоритмізація та програмування\Л.Р.-5.5\PR-5.5\PR-5.5\pr-5.5.cpp(5,5):
      see declaration of 'Q'
      E:\1 Семестр\Алгоритмізація та програмування\Л.Р.-5.5\PR-5.5\UnitTest5.5\UnitTest5.5.cpp(28,34):
      while trying to match the argument list '(int, int)'
  
E:\1 Семестр\Алгоритмізація та програмування\Л.Р.-5.5\PR-5.5\UnitTest5.5\UnitTest5.5.cpp(29,25): error C2660: 'Q': function does not take 2 arguments
  (compiling source file '/UnitTest5.5.cpp')
      E:\1 Семестр\Алгоритмізація та програмування\Л.Р.-5.5\PR-5.5\PR-5.5\pr-5.5.cpp(5,5):
      see declaration of 'Q'
      E:\1 Семестр\Алгоритмізація та програмування\Л.Р.-5.5\PR-5.5\UnitTest5.5\UnitTest5.5.cpp(29,25):
      while trying to match the argument list '(int, int)'
  
E:\1 Семестр\Алгоритмізація та програмування\Л.Р.-5.5\PR-5.5\UnitTest5.5\UnitTest5.5.cpp(29,34): error C2660: 'Q': function does not take 2 arguments
  (compiling source file '/UnitTest5.5.cpp')
      E:\1 Семестр\Алгоритмізація та програмування\Л.Р.-5.5\PR-5.5\PR-5.5\pr-5.5.cpp(5,5):
      see declaration of 'Q'
      E:\1 Семестр\Алгоритмізація та програмування\Л.Р.-5.5\PR-5.5\UnitTest5.5\UnitTest5.5.cpp(29,34):
      while trying to match the argument list '(int, int)'
  
E:\1 Семестр\Алгоритмізація та програмування\Л.Р.-5.5\PR-5.5\UnitTest5.5\UnitTest5.5.cpp(34,24): error C2660: 'Q': function does not take 2 arguments
  (compiling source file '/UnitTest5.5.cpp')
      E:\1 Семестр\Алгоритмізація та програмування\Л.Р.-5.5\PR-5.5\PR-5.5\pr-5.5.cpp(5,5):
      see declaration of 'Q'
      E:\1 Семестр\Алгоритмізація та програмування\Л.Р.-5.5\PR-5.5\UnitTest5.5\UnitTest5.5.cpp(34,24):
      while trying to match the argument list '(int, int)'
  
E:\1 Семестр\Алгоритмізація та програмування\Л.Р.-5.5\PR-5.5\UnitTest5.5\UnitTest5.5.cpp(35,24): error C2660: 'Q': function does not take 2 arguments
  (compiling source file '/UnitTest5.5.cpp')
      E:\1 Семестр\Алгоритмізація та програмування\Л.Р.-5.5\PR-5.5\PR-5.5\pr-5.5.cpp(5,5):
      see declaration of 'Q'
      E:\1 Семестр\Алгоритмізація та програмування\Л.Р.-5.5\PR-5.5\UnitTest5.5\UnitTest5.5.cpp(35,24):
      while trying to match the argument list '(int, int)'
  
E:\1 Семестр\Алгоритмізація та програмування\Л.Р.-5.5\PR-5.5\UnitTest5.5\UnitTest5.5.cpp(36,24): error C2660: 'Q': function does not take 2 arguments
  (compiling source file '/UnitTest5.5.cpp')
      E:\1 Семестр\Алгоритмізація та програмування\Л.Р.-5.5\PR-5.5\PR-5.5\pr-5.5.cpp(5,5):
      see declaration of 'Q'
      E:\1 Семестр\Алгоритмізація та програмування\Л.Р.-5.5\PR-5.5\UnitTest5.5\UnitTest5.5.cpp(36,24):
      while trying to match the argument list '(int, int)'
  
